  Source.cpp
c:\users\мвидео\desktop\oaip_labs_shalygina\lab1\lab1\source.cpp(9): error C3861: setlocale: идентификатор не найден
c:\users\мвидео\desktop\oaip_labs_shalygina\lab1\lab1\source.cpp(11): warning C4566: символ, представленный универсальным именем символа "\u00C2", невозможно представить в текущей кодовой странице (1251)
c:\users\мвидео\desktop\oaip_labs_shalygina\lab1\lab1\source.cpp(11): warning C4566: символ, представленный универсальным именем символа "\u00E2", невозможно представить в текущей кодовой странице (1251)
c:\users\мвидео\desktop\oaip_labs_shalygina\lab1\lab1\source.cpp(11): warning C4566: символ, представленный универсальным именем символа "\u00E5", невозможно представить в текущей кодовой странице (1251)
c:\users\мвидео\desktop\oaip_labs_shalygina\lab1\lab1\source.cpp(11): warning C4566: символ, представленный универсальным именем символа "\u00E4", невозможно представить в текущей кодовой странице (1251)
c:\users\мвидео\desktop\oaip_labs_shalygina\lab1\lab1\source.cpp(11): warning C4566: символ, представленный универсальным именем символа "\u00E8", невозможно представить в текущей кодовой странице (1251)
c:\users\мвидео\desktop\oaip_labs_shalygina\lab1\lab1\source.cpp(11): warning C4566: символ, представленный универсальным именем символа "\u00F2", невозможно представить в текущей кодовой странице (1251)
c:\users\мвидео\desktop\oaip_labs_shalygina\lab1\lab1\source.cpp(11): warning C4566: символ, представленный универсальным именем символа "\u00F1", невозможно представить в текущей кодовой странице (1251)
c:\users\мвидео\desktop\oaip_labs_shalygina\lab1\lab1\source.cpp(11): warning C4566: символ, представленный универсальным именем символа "\u00EA", невозможно представить в текущей кодовой странице (1251)
c:\users\мвидео\desktop\oaip_labs_shalygina\lab1\lab1\source.cpp(11): warning C4566: символ, представленный универсальным именем символа "\u00EE", невозможно представить в текущей кодовой странице (1251)
c:\users\мвидео\desktop\oaip_labs_shalygina\lab1\lab1\source.cpp(11): warning C4566: символ, представленный универсальным именем символа "\u00F0", невозможно представить в текущей кодовой странице (1251)
c:\users\мвидео\desktop\oaip_labs_shalygina\lab1\lab1\source.cpp(11): warning C4566: символ, представленный универсальным именем символа "\u00FC", невозможно представить в текущей кодовой странице (1251)
c:\users\мвидео\desktop\oaip_labs_shalygina\lab1\lab1\source.cpp(11): warning C4566: символ, представленный универсальным именем символа "\u00F3", невозможно представить в текущей кодовой странице (1251)
c:\users\мвидео\desktop\oaip_labs_shalygina\lab1\lab1\source.cpp(11): warning C4566: символ, представленный универсальным именем символа "\u00E7", невозможно представить в текущей кодовой странице (1251)
c:\users\мвидео\desktop\oaip_labs_shalygina\lab1\lab1\source.cpp(11): warning C4566: символ, представленный универсальным именем символа "\u00EB", невозможно представить в текущей кодовой странице (1251)
c:\users\мвидео\desktop\oaip_labs_shalygina\lab1\lab1\source.cpp(11): warning C4566: символ, представленный универсальным именем символа "\u00E0", невозможно представить в текущей кодовой странице (1251)
c:\users\мвидео\desktop\oaip_labs_shalygina\lab1\lab1\source.cpp(11): warning C4566: символ, представленный универсальным именем символа "\u00F5", невозможно представить в текущей кодовой странице (1251)
c:\users\мвидео\desktop\oaip_labs_shalygina\lab1\lab1\source.cpp(13): warning C4244: =: преобразование "double" в "float", возможна потеря данных
c:\users\мвидео\desktop\oaip_labs_shalygina\lab1\lab1\source.cpp(23): warning C4566: символ, представленный универсальным именем символа "\u00D1", невозможно представить в текущей кодовой странице (1251)
c:\users\мвидео\desktop\oaip_labs_shalygina\lab1\lab1\source.cpp(23): warning C4566: символ, представленный универсальным именем символа "\u00EA", невозможно представить в текущей кодовой странице (1251)
c:\users\мвидео\desktop\oaip_labs_shalygina\lab1\lab1\source.cpp(23): warning C4566: символ, представленный универсальным именем символа "\u00EE", невозможно представить в текущей кодовой странице (1251)
c:\users\мвидео\desktop\oaip_labs_shalygina\lab1\lab1\source.cpp(23): warning C4566: символ, представленный универсальным именем символа "\u00F0", невозможно представить в текущей кодовой странице (1251)
c:\users\мвидео\desktop\oaip_labs_shalygina\lab1\lab1\source.cpp(23): warning C4566: символ, представленный универсальным именем символа "\u00F1", невозможно представить в текущей кодовой странице (1251)
c:\users\мвидео\desktop\oaip_labs_shalygina\lab1\lab1\source.cpp(23): warning C4566: символ, представленный универсальным именем символа "\u00F2", невозможно представить в текущей кодовой странице (1251)
c:\users\мвидео\desktop\oaip_labs_shalygina\lab1\lab1\source.cpp(23): warning C4566: символ, представленный универсальным именем символа "\u00FC", невозможно представить в текущей кодовой странице (1251)
c:\users\мвидео\desktop\oaip_labs_shalygina\lab1\lab1\source.cpp(23): warning C4566: символ, представленный универсальным именем символа "\u00E2", невозможно представить в текущей кодовой странице (1251)
c:\users\мвидео\desktop\oaip_labs_shalygina\lab1\lab1\source.cpp(23): warning C4566: символ, представленный универсальным именем символа "\u00EC", невозможно представить в текущей кодовой странице (1251)
c:\users\мвидео\desktop\oaip_labs_shalygina\lab1\lab1\source.cpp(23): warning C4566: символ, представленный универсальным именем символа "\u00F7", невозможно представить в текущей кодовой странице (1251)
c:\users\мвидео\desktop\oaip_labs_shalygina\lab1\lab1\source.cpp(25): warning C4566: символ, представленный универсальным именем символа "\u00D1", невозможно представить в текущей кодовой странице (1251)
c:\users\мвидео\desktop\oaip_labs_shalygina\lab1\lab1\source.cpp(25): warning C4566: символ, представленный универсальным именем символа "\u00EA", невозможно представить в текущей кодовой странице (1251)
c:\users\мвидео\desktop\oaip_labs_shalygina\lab1\lab1\source.cpp(25): warning C4566: символ, представленный универсальным именем символа "\u00EE", невозможно представить в текущей кодовой странице (1251)
c:\users\мвидео\desktop\oaip_labs_shalygina\lab1\lab1\source.cpp(25): warning C4566: символ, представленный универсальным именем символа "\u00F0", невозможно представить в текущей кодовой странице (1251)
c:\users\мвидео\desktop\oaip_labs_shalygina\lab1\lab1\source.cpp(25): warning C4566: символ, представленный универсальным именем символа "\u00F1", невозможно представить в текущей кодовой странице (1251)
c:\users\мвидео\desktop\oaip_labs_shalygina\lab1\lab1\source.cpp(25): warning C4566: символ, представленный универсальным именем символа "\u00F2", невозможно представить в текущей кодовой странице (1251)
c:\users\мвидео\desktop\oaip_labs_shalygina\lab1\lab1\source.cpp(25): warning C4566: символ, представленный универсальным именем символа "\u00FC", невозможно представить в текущей кодовой странице (1251)
c:\users\мвидео\desktop\oaip_labs_shalygina\lab1\lab1\source.cpp(25): warning C4566: символ, представленный универсальным именем символа "\u00E2", невозможно представить в текущей кодовой странице (1251)
c:\users\мвидео\desktop\oaip_labs_shalygina\lab1\lab1\source.cpp(25): warning C4566: символ, представленный универсальным именем символа "\u00EC", невозможно представить в текущей кодовой странице (1251)
c:\users\мвидео\desktop\oaip_labs_shalygina\lab1\lab1\source.cpp(15): warning C4477: "scanf": в строке форматирования "%d" требуется аргумент типа "int *", но вариативный аргумент "1" имеет тип "float *"
c:\users\мвидео\desktop\oaip_labs_shalygina\lab1\lab1\source.cpp(21): warning C4477: "printf": в строке форматирования "%d" требуется аргумент типа "int", но вариативный аргумент "1" имеет тип "double"
c:\users\мвидео\desktop\oaip_labs_shalygina\lab1\lab1\source.cpp(29): error C4996: 'getch': The POSIX name for this item is deprecated. Instead, use the ISO C and C++ conformant name: _getch. See online help for details.
  c:\program files (x86)\windows kits\10\include\10.0.15063.0\ucrt\conio.h(452): note:  см. объявление "getch"
